ninja: Entering directory `/Users/honeyspoon/projects/native_add/android/.cxx/cmake/release/armeabi-v7a'
[1/2] Building CXX object CMakeFiles/native_add.dir/Users/honeyspoon/projects/native_add/ios/Classes/native_add.cpp.o
/Users/honeyspoon/projects/native_add/ios/Classes/native_add.cpp:59:19: warning: ISO C++11 does not allow conversion from string literal to 'char *' [-Wwritable-strings]
  char * vol[] = {"3dB"};
                  ^
1 warning generated.
[2/2] Linking CXX shared library /Users/honeyspoon/projects/native_add/example/build/native_add/intermediates/cmake/release/obj/armeabi-v7a/libnative_add.so
FAILED: /Users/honeyspoon/projects/native_add/example/build/native_add/intermediates/cmake/release/obj/armeabi-v7a/libnative_add.so 
: && /Users/honeyspoon/Library/Android/sdk/ndk/24.0.7956693/toolchains/llvm/prebuilt/darwin-x86_64/bin/clang++ --target=armv7-none-linux-androideabi19 --gcc-toolchain=/Users/honeyspoon/Library/Android/sdk/ndk/24.0.7956693/toolchains/llvm/prebuilt/darwin-x86_64 --sysroot=/Users/honeyspoon/Library/Android/sdk/ndk/24.0.7956693/toolchains/llvm/prebuilt/darwin-x86_64/sysroot -fPIC -g -DANDROID -fdata-sections -ffunction-sections -funwind-tables -fstack-protector-strong -no-canonical-prefixes -D_FORTIFY_SOURCE=2 -march=armv7-a -mthumb -Wformat -Werror=format-security   -DNDEBUG  -static-libstdc++ -Wl,--build-id=sha1 -Wl,--no-rosegment -Wl,--fatal-warnings -Wl,--no-undefined -Qunused-arguments -shared -Wl,-soname,libnative_add.so -o /Users/honeyspoon/projects/native_add/example/build/native_add/intermediates/cmake/release/obj/armeabi-v7a/libnative_add.so CMakeFiles/native_add.dir/Users/honeyspoon/projects/native_add/ios/Classes/native_add.cpp.o  ../../../../third/sox/../install/lib/libsox.a ../../../../third/sox/../install/lib/libopencore-amrnb.a ../../../../third/sox/../install/lib/libopencore-amrwb.a ../../../../third/sox/../install/lib/libmad.a ../../../../third/sox/../install/lib/libmp3lame.a ../../../../third/sox/../install/lib/libFLAC.a ../../../../third/sox/../install/lib/libopusfile.a ../../../../third/sox/../install/lib/libopus.a ../../../../third/sox/../install/lib/libvorbisenc.a ../../../../third/sox/../install/lib/libvorbisfile.a ../../../../third/sox/../install/lib/libvorbis.a ../../../../third/sox/../install/lib/libogg.a -latomic -lm && :
ld: error: undefined symbol: sox_create_effects_chain
>>> referenced by native_add.cpp:67 (/Users/honeyspoon/projects/native_add/ios/Classes/native_add.cpp:67)
>>>               CMakeFiles/native_add.dir/Users/honeyspoon/projects/native_add/ios/Classes/native_add.cpp.o:(example(char*, char*))
>>> did you mean: _sox_create_effects_chain
>>> defined in: ../../../../third/sox/../install/lib/libsox.a

ld: error: undefined symbol: sox_create_effect
>>> referenced by native_add.cpp:69 (/Users/honeyspoon/projects/native_add/ios/Classes/native_add.cpp:69)
>>>               CMakeFiles/native_add.dir/Users/honeyspoon/projects/native_add/ios/Classes/native_add.cpp.o:(example(char*, char*))
>>> referenced by native_add.cpp:73 (/Users/honeyspoon/projects/native_add/ios/Classes/native_add.cpp:73)
>>>               CMakeFiles/native_add.dir/Users/honeyspoon/projects/native_add/ios/Classes/native_add.cpp.o:(example(char*, char*))
>>> referenced by native_add.cpp:78 (/Users/honeyspoon/projects/native_add/ios/Classes/native_add.cpp:78)
>>>               CMakeFiles/native_add.dir/Users/honeyspoon/projects/native_add/ios/Classes/native_add.cpp.o:(example(char*, char*))
>>> referenced 1 more times
>>> did you mean: _sox_create_effect
>>> defined in: ../../../../third/sox/../install/lib/libsox.a

ld: error: undefined symbol: sox_find_effect
>>> referenced by native_add.cpp:73 (/Users/honeyspoon/projects/native_add/ios/Classes/native_add.cpp:73)
>>>               CMakeFiles/native_add.dir/Users/honeyspoon/projects/native_add/ios/Classes/native_add.cpp.o:(example(char*, char*))
>>> referenced by native_add.cpp:78 (/Users/honeyspoon/projects/native_add/ios/Classes/native_add.cpp:78)
>>>               CMakeFiles/native_add.dir/Users/honeyspoon/projects/native_add/ios/Classes/native_add.cpp.o:(example(char*, char*))

ld: error: undefined symbol: sox_flow_effects
>>> referenced by native_add.cpp:87 (/Users/honeyspoon/projects/native_add/ios/Classes/native_add.cpp:87)
>>>               CMakeFiles/native_add.dir/Users/honeyspoon/projects/native_add/ios/Classes/native_add.cpp.o:(example(char*, char*))

ld: error: undefined symbol: sox_delete_effects_chain
>>> referenced by native_add.cpp:89 (/Users/honeyspoon/projects/native_add/ios/Classes/native_add.cpp:89)
>>>               CMakeFiles/native_add.dir/Users/honeyspoon/projects/native_add/ios/Classes/native_add.cpp.o:(example(char*, char*))

ld: error: undefined symbol: sox_close
>>> referenced by native_add.cpp:90 (/Users/honeyspoon/projects/native_add/ios/Classes/native_add.cpp:90)
>>>               CMakeFiles/native_add.dir/Users/honeyspoon/projects/native_add/ios/Classes/native_add.cpp.o:(example(char*, char*))
>>> referenced by native_add.cpp:91 (/Users/honeyspoon/projects/native_add/ios/Classes/native_add.cpp:91)
>>>               CMakeFiles/native_add.dir/Users/honeyspoon/projects/native_add/ios/Classes/native_add.cpp.o:(example(char*, char*))

ld: error: undefined symbol: sox_quit
>>> referenced by native_add.cpp:92 (/Users/honeyspoon/projects/native_add/ios/Classes/native_add.cpp:92)
>>>               CMakeFiles/native_add.dir/Users/honeyspoon/projects/native_add/ios/Classes/native_add.cpp.o:(example(char*, char*))

ld: error: undefined symbol: sox_read
>>> referenced by native_add.cpp:16 (/Users/honeyspoon/projects/native_add/ios/Classes/native_add.cpp:16)
>>>               CMakeFiles/native_add.dir/Users/honeyspoon/projects/native_add/ios/Classes/native_add.cpp.o:(input_drain(sox_effect_t*, int*, unsigned int*))

ld: error: undefined symbol: sox_write
>>> referenced by native_add.cpp:25 (/Users/honeyspoon/projects/native_add/ios/Classes/native_add.cpp:25)
>>>               CMakeFiles/native_add.dir/Users/honeyspoon/projects/native_add/ios/Classes/native_add.cpp.o:(output_flow(sox_effect_t*, int const*, int*, unsigned int*, unsigned int*))
clang++: error: linker command failed with exit code 1 (use -v to see invocation)
ninja: build stopped: subcommand failed.
